<?xml version="1.0" encoding="UTF-8"?>
<testng-results ignored="0" total="3" passed="3" failed="0" skipped="0">
  <reporter-output>
  </reporter-output>
  <suite started-at="2026-09-02T12:22:07 EDT" name="Selenium Cross Browser Suite" finished-at="2026-09-02T12:22:17 EDT" duration-ms="9642">
    <groups>
    </groups>
    <test started-at="2026-09-02T12:22:07 EDT" name="Edge Test Execution" finished-at="2026-09-02T12:22:16 EDT" duration-ms="8609">
      <class name="parallelTest.SeleniumCrossbrowserTest">
        <test-method is-config="true" signature="setup(java.lang.String)[pri:0, instance:parallelTest.SeleniumCrossbrowserTest@752325ad]" started-at="2026-09-02T12:22:07 EDT" name="setup" finished-at="2026-09-02T12:22:11 EDT" duration-ms="4040" status="PASS">
          <params>
            <param index="0">
              <value>
                <![CDATA[edge]]>
              </value>
            </param>
          </params>
          <reporter-output>
          </reporter-output>
        </test-method> <!-- setup -->
        <test-method signature="crossBrowserTests()[pri:0, instance:parallelTest.SeleniumCrossbrowserTest@752325ad]" started-at="2026-09-02T12:22:11 EDT" name="crossBrowserTests" finished-at="2026-09-02T12:22:16 EDT" duration-ms="4507" status="PASS">
          <reporter-output>
          </reporter-output>
        </test-method> <!-- crossBrowserTests -->
      </class> <!-- parallelTest.SeleniumCrossbrowserTest -->
    </test> <!-- Edge Test Execution -->
    <test started-at="2026-09-02T12:22:07 EDT" name="Chrome Test Execution" finished-at="2026-09-02T12:22:16 EDT" duration-ms="8604">
      <class name="parallelTest.SeleniumCrossbrowserTest">
        <test-method is-config="true" signature="setup(java.lang.String)[pri:0, instance:parallelTest.SeleniumCrossbrowserTest@2d1ef81a]" started-at="2026-09-02T12:22:07 EDT" name="setup" finished-at="2026-09-02T12:22:11 EDT" duration-ms="4039" status="PASS">
          <params>
            <param index="0">
              <value>
                <![CDATA[chrome]]>
              </value>
            </param>
          </params>
          <reporter-output>
          </reporter-output>
        </test-method> <!-- setup -->
        <test-method signature="crossBrowserTests()[pri:0, instance:parallelTest.SeleniumCrossbrowserTest@2d1ef81a]" started-at="2026-09-02T12:22:11 EDT" name="crossBrowserTests" finished-at="2026-09-02T12:22:16 EDT" duration-ms="4500" status="PASS">
          <reporter-output>
          </reporter-output>
        </test-method> <!-- crossBrowserTests -->
      </class> <!-- parallelTest.SeleniumCrossbrowserTest -->
    </test> <!-- Chrome Test Execution -->
    <test started-at="2026-09-02T12:22:07 EDT" name="Firefox Test Execution" finished-at="2026-09-02T12:22:17 EDT" duration-ms="9642">
      <class name="parallelTest.SeleniumCrossbrowserTest">
        <test-method is-config="true" signature="setup(java.lang.String)[pri:0, instance:parallelTest.SeleniumCrossbrowserTest@3a52dba3]" started-at="2026-09-02T12:22:07 EDT" name="setup" finished-at="2026-09-02T12:22:13 EDT" duration-ms="6057" status="PASS">
          <params>
            <param index="0">
              <value>
                <![CDATA[firefox]]>
              </value>
            </param>
          </params>
          <reporter-output>
          </reporter-output>
        </test-method> <!-- setup -->
        <test-method signature="crossBrowserTests()[pri:0, instance:parallelTest.SeleniumCrossbrowserTest@3a52dba3]" started-at="2026-09-02T12:22:13 EDT" name="crossBrowserTests" finished-at="2026-09-02T12:22:17 EDT" duration-ms="3561" status="PASS">
          <reporter-output>
          </reporter-output>
        </test-method> <!-- crossBrowserTests -->
      </class> <!-- parallelTest.SeleniumCrossbrowserTest -->
    </test> <!-- Firefox Test Execution -->
  </suite> <!-- Selenium Cross Browser Suite -->
</testng-results>
