<?xml version="1.0" encoding="UTF-8"?>
<!-- Generated by org.testng.reporters.JUnitReportReporter -->
<testsuite hostname="Lenovo-J" failures="0" tests="3" name="parallelTest.SeleniumCrossbrowserTest" time="12.568" errors="0" timestamp="2026-09-02T12:22:17 EDT" skipped="0">
  <testcase classname="parallelTest.SeleniumCrossbrowserTest" name="crossBrowserTests" time="3.561"/>
  <testcase classname="parallelTest.SeleniumCrossbrowserTest" name="crossBrowserTests" time="4.500"/>
  <testcase classname="parallelTest.SeleniumCrossbrowserTest" name="crossBrowserTests" time="4.507"/>
</testsuite> <!-- parallelTest.SeleniumCrossbrowserTest -->
